开始安装R包...
Starting R package installation...
===========================================
包已安装: ggplot2 
Package already installed: ggplot2 
包已安装: aplot 
Package already installed: aplot 
包已安装: dplyr 
Package already installed: dplyr 
包已安装: scales 
Package already installed: scales 

===========================================
验证安装结果:
Verifying installation results:
✓ ggplot2 已成功安装
✓ ggplot2 installed successfully
✓ aplot 已成功安装
✓ aplot installed successfully
✓ dplyr 已成功安装
✓ dplyr installed successfully
✓ scales 已成功安装
✓ scales installed successfully
